
Showing logs for build [32mcb-kubecd-environment-pr-187-73-cns5c-1[0m stage [32mfrom-build-pack[0m and container [32mstep-credential-initializer-7sbnm[0m
{"level":"warn","ts":1584887347.1811593,"logger":"fallback-logger","caller":"logging/config.go:69","msg":"Fetch GitHub commit ID from kodata failed: \"ref: refs/heads/0.8.0-**-support-backwards-incompats\" is not a valid GitHub commit ID"}
{"level":"info","ts":1584887347.1816773,"logger":"fallback-logger","caller":"creds-init/main.go:40","msg":"Credentials initialized."}

Showing logs for build [32mcb-kubecd-environment-pr-187-73-cns5c-1[0m stage [32mfrom-build-pack[0m and container [32mstep-working-dir-initializer-wdqqq[0m
{"level":"warn","ts":1584887348.127185,"logger":"fallback-logger","caller":"logging/config.go:69","msg":"Fetch GitHub commit ID from kodata failed: open /var/run/ko/HEAD: no such file or directory"}
{"level":"info","ts":1584887348.1302216,"logger":"fallback-logger","caller":"bash/main.go:64","msg":"Successfully executed command \"sh -c mkdir -p /workspace/source\"; output "}

Showing logs for build [32mcb-kubecd-environment-pr-187-73-cns5c-1[0m stage [32mfrom-build-pack[0m and container [32mstep-place-tools[0m

Showing logs for build [32mcb-kubecd-environment-pr-187-73-cns5c-1[0m stage [32mfrom-build-pack[0m and container [32mstep-git-source-cb-kubecd-environment-pr-187-73-cns5c-2mdjz[0m
{"level":"warn","ts":1584887352.2209926,"logger":"fallback-logger","caller":"logging/config.go:69","msg":"Fetch GitHub commit ID from kodata failed: \"ref: refs/heads/0.8.0-**-support-backwards-incompats\" is not a valid GitHub commit ID"}
{"level":"info","ts":1584887353.2574148,"logger":"fallback-logger","caller":"git/git.go:103","msg":"Successfully cloned https://github.com/cb-kubecd/environment-pr-187-73-boot-gke-staging.git @ master in path /workspace/source"}

Showing logs for build [32mcb-kubecd-environment-pr-187-73-cns5c-1[0m stage [32mfrom-build-pack[0m and container [32mstep-git-merge[0m
Using SHAs from PULL_REFS=master:3f42c21f6165c15dadcade8127cb649a226ac636,1:87ef0f4c4334b85f966df705c2a490a5edb3710e
DEBUG: LC_ALL=C JX_LOG_LEVEL=error git fetch origin --unshallow 87ef0f4c4334b85f966df705c2a490a5edb3710e: 3f42c21f6165c15dadcade8127cb649a226ac636:
DEBUG: ran git fetch --unshallow origin 87ef0f4c4334b85f966df705c2a490a5edb3710e: 3f42c21f6165c15dadcade8127cb649a226ac636: in 
DEBUG: LC_ALL=C JX_LOG_LEVEL=error git branch
DEBUG: LC_ALL=C JX_LOG_LEVEL=error git checkout master
DEBUG: ran git checkout master in 
DEBUG: LC_ALL=C JX_LOG_LEVEL=error git reset --hard 3f42c21f6165c15dadcade8127cb649a226ac636
DEBUG: ran git reset --hard 3f42c21f6165c15dadcade8127cb649a226ac636 in 
DEBUG: LC_ALL=C JX_LOG_LEVEL=error git clean -fd .
DEBUG: ran clean --force -d . in 
DEBUG: JX_LOG_LEVEL=error LC_ALL=C git merge 87ef0f4c4334b85f966df705c2a490a5edb3710e
DEBUG: ran git merge 87ef0f4c4334b85f966df705c2a490a5edb3710e in 
DEBUG: LC_ALL=C JX_LOG_LEVEL=error git log --format=%H%x1f%an%x1f%ae%x1f%cn%x1f%ce%x1f%s%n%b%x1e 3f42c21f6165c15dadcade8127cb649a226ac636..HEAD
Merged SHA 87ef0f4c4334b85f966df705c2a490a5edb3710e with commit message 'chore: Promote bdd-spring-1584886911 to version 0.0.2' into base branch master

Showing logs for build [32mcb-kubecd-environment-pr-187-73-cns5c-1[0m stage [32mfrom-build-pack[0m and container [32mstep-build-helm-build[0m
WARNING: No $CHART_REPOSITORY defined so using the default value of: http://jenkins-x-chartmuseum:8080
Adding missing Helm repo: storage.googleapis.com https://storage.googleapis.com/chartmuseum.jenkins-x.io
WARNING: No secrets found on "helm/repos" due: reading the secret "helm/repos" from vault: no secret "helm/repos" not found in vault
Read credentials for https://storage.googleapis.com/chartmuseum.jenkins-x.io from vault helm/repos
Successfully added Helm repository storage.googleapis.com.
Adding missing Helm repo: jenkins-x-chartmuseum http://jenkins-x-chartmuseum:8080
WARNING: No secrets found on "helm/repos" due: reading the secret "helm/repos" from vault: no secret "helm/repos" not found in vault
Read credentials for http://jenkins-x-chartmuseum:8080 from vault helm/repos
Successfully added Helm repository jenkins-x-chartmuseum.
WARNING: No $CHART_REPOSITORY defined so using the default value of: http://jenkins-x-chartmuseum:8080
Adding missing Helm repo: chartmuseum.jenkins-x.io http://chartmuseum.jenkins-x.io
WARNING: No secrets found on "helm/repos" due: reading the secret "helm/repos" from vault: no secret "helm/repos" not found in vault
Read credentials for http://chartmuseum.jenkins-x.io from vault helm/repos
Successfully added Helm repository chartmuseum.jenkins-x.io.
